<?xml version="1.0" encoding="UTF-8"?>
<testng-results skipped="0" failed="0" ignored="0" total="6" passed="6">
  <reporter-output>
  </reporter-output>
  <suite name="Default suite" duration-ms="11609" started-at="2019-12-23T16:00:22Z" finished-at="2019-12-23T16:00:34Z">
    <groups>
    </groups>
    <test name="Default test" duration-ms="11609" started-at="2019-12-23T16:00:22Z" finished-at="2019-12-23T16:00:34Z">
      <class name="com.qa.testcases.TC001_GetAllEmployees">
        <test-method status="PASS" signature="setup()[pri:0, instance:com.qa.testcases.TC001_GetAllEmployees@2b2948e2]" name="setup" is-config="true" duration-ms="9427" started-at="2019-12-23T16:00:22Z" finished-at="2019-12-23T16:00:32Z">
          <reporter-output>
          </reporter-output>
        </test-method> <!-- setup -->
        <test-method status="PASS" signature="checkContentType()[pri:0, instance:com.qa.testcases.TC001_GetAllEmployees@2b2948e2]" name="checkContentType" duration-ms="8" started-at="2019-12-23T16:00:32Z" finished-at="2019-12-23T16:00:32Z">
          <reporter-output>
          </reporter-output>
        </test-method> <!-- checkContentType -->
        <test-method status="PASS" signature="checkResponseTime()[pri:0, instance:com.qa.testcases.TC001_GetAllEmployees@2b2948e2]" name="checkResponseTime" duration-ms="7" started-at="2019-12-23T16:00:32Z" finished-at="2019-12-23T16:00:32Z">
          <reporter-output>
          </reporter-output>
        </test-method> <!-- checkResponseTime -->
        <test-method status="PASS" signature="checkServer()[pri:0, instance:com.qa.testcases.TC001_GetAllEmployees@2b2948e2]" name="checkServer" duration-ms="3" started-at="2019-12-23T16:00:32Z" finished-at="2019-12-23T16:00:32Z">
          <reporter-output>
          </reporter-output>
        </test-method> <!-- checkServer -->
        <test-method status="PASS" signature="checkStatusLine_StatusCode()[pri:0, instance:com.qa.testcases.TC001_GetAllEmployees@2b2948e2]" name="checkStatusLine_StatusCode" duration-ms="2" started-at="2019-12-23T16:00:32Z" finished-at="2019-12-23T16:00:32Z">
          <reporter-output>
          </reporter-output>
        </test-method> <!-- checkStatusLine_StatusCode -->
        <test-method status="PASS" signature="getResponseBody()[pri:0, instance:com.qa.testcases.TC001_GetAllEmployees@2b2948e2]" name="getResponseBody" duration-ms="927" started-at="2019-12-23T16:00:32Z" finished-at="2019-12-23T16:00:33Z">
          <reporter-output>
          </reporter-output>
        </test-method> <!-- getResponseBody -->
        <test-method status="PASS" signature="updateEmpIDinConfigFile()[pri:0, instance:com.qa.testcases.TC001_GetAllEmployees@2b2948e2]" name="updateEmpIDinConfigFile" duration-ms="1159" started-at="2019-12-23T16:00:33Z" depends-on-methods="com.qa.testcases.TC001_GetAllEmployees.getResponseBody" finished-at="2019-12-23T16:00:34Z">
          <reporter-output>
          </reporter-output>
        </test-method> <!-- updateEmpIDinConfigFile -->
        <test-method status="PASS" signature="teardown()[pri:0, instance:com.qa.testcases.TC001_GetAllEmployees@2b2948e2]" name="teardown" is-config="true" duration-ms="1" started-at="2019-12-23T16:00:34Z" finished-at="2019-12-23T16:00:34Z">
          <reporter-output>
          </reporter-output>
        </test-method> <!-- teardown -->
      </class> <!-- com.qa.testcases.TC001_GetAllEmployees -->
    </test> <!-- Default test -->
  </suite> <!-- Default suite -->
</testng-results>
