<?xml version="1.0" encoding="UTF-8"?>
<!-- Generated by org.testng.reporters.JUnitXMLReporter -->
<testsuite hostname="LAPTOP-3785COIL" name="Default test" tests="12" failures="0" timestamp="13 Oct 2020 15:29:55 GMT" time="163.148" errors="0">
  <testcase name="validateLogin" time="1.43" classname="com.qa.tests.AccountTest"/>
  <testcase name="createAccountUsingDataProvider" time="8.454" classname="com.qa.tests.AccountTest"/>
  <testcase name="createAccountUsingDataProvider" time="7.887" classname="com.qa.tests.AccountTest"/>
  <testcase name="createAccountUsingDataProvider" time="6.528" classname="com.qa.tests.AccountTest"/>
  <testcase name="createAccountUsingDataProvider" time="6.555" classname="com.qa.tests.AccountTest"/>
  <testcase name="createAccountUsingDataProvider" time="6.254" classname="com.qa.tests.AccountTest"/>
  <testcase name="createAccountUsingDataProvider" time="6.379" classname="com.qa.tests.AccountTest"/>
  <testcase name="createAccountUsingDataProvider" time="6.685" classname="com.qa.tests.AccountTest"/>
  <testcase name="createAccountUsingDataProvider" time="6.261" classname="com.qa.tests.AccountTest"/>
  <testcase name="createAccountUsingDataProvider" time="6.374" classname="com.qa.tests.AccountTest"/>
  <testcase name="createAccountUsingDataProvider" time="6.193" classname="com.qa.tests.AccountTest"/>
  <testcase name="createAccountUsingDataProvider" time="6.222" classname="com.qa.tests.AccountTest"/>
</testsuite> <!-- Default test -->
