<?xml version="1.0" encoding="UTF-8"?>
<!-- Generated by org.testng.reporters.JUnitXMLReporter -->
<testsuite hostname="LAPTOP-3785COIL" ignored="0" name="EmployeesRestAPITest" tests="22" failures="0" timestamp="19 Dec 2019 18:50:04 GMT" time="38.224" errors="0">
  <testcase name="checkContentType" time="0.007" classname="com.qa.testcases.TC001_GetAllEmployees"/>
  <testcase name="checkResponseTime" time="0.002" classname="com.qa.testcases.TC001_GetAllEmployees"/>
  <testcase name="checkServer" time="0.002" classname="com.qa.testcases.TC001_GetAllEmployees"/>
  <testcase name="checkStatusLine_StatusCode" time="0.003" classname="com.qa.testcases.TC001_GetAllEmployees"/>
  <testcase name="getResponseBody" time="0.629" classname="com.qa.testcases.TC001_GetAllEmployees"/>
  <testcase name="getResponse" time="1.283" classname="com.qa.testcases.TC002_GetSingleEmployeeData"/>
  <testcase name="checkContentLength" time="0.009" classname="com.qa.testcases.TC002_GetSingleEmployeeData"/>
  <testcase name="checkContentType" time="0.004" classname="com.qa.testcases.TC002_GetSingleEmployeeData"/>
  <testcase name="checkResponse" time="0.015" classname="com.qa.testcases.TC002_GetSingleEmployeeData"/>
  <testcase name="checkStatusCode_StatusLine" time="0.002" classname="com.qa.testcases.TC002_GetSingleEmployeeData"/>
  <testcase name="postRequest" time="6.968" classname="com.qa.testcases.TC003_PostEmployeeRecord"/>
  <testcase name="validateResponse" time="0.038" classname="com.qa.testcases.TC003_PostEmployeeRecord"/>
  <testcase name="putRequest" time="7.009" classname="com.qa.testcases.TC004_PutEmployeeData"/>
  <testcase name="validateContentType" time="0.009" classname="com.qa.testcases.TC004_PutEmployeeData"/>
  <testcase name="validateResponseBody" time="0.038" classname="com.qa.testcases.TC004_PutEmployeeData"/>
  <testcase name="validateServerType" time="0.002" classname="com.qa.testcases.TC004_PutEmployeeData"/>
  <testcase name="validateStatusLineAndStatusCode" time="0.002" classname="com.qa.testcases.TC004_PutEmployeeData"/>
  <testcase name="deleteRecord" time="10.112" classname="com.qa.testcases.TC005_DeleteEmployeeRecord"/>
  <testcase name="validateContentType" time="0.001" classname="com.qa.testcases.TC005_DeleteEmployeeRecord"/>
  <testcase name="validateResponseBody" time="0.002" classname="com.qa.testcases.TC005_DeleteEmployeeRecord"/>
  <testcase name="validateServerType" time="0.001" classname="com.qa.testcases.TC005_DeleteEmployeeRecord"/>
  <testcase name="validateStatusLineAndStatusCode" time="0.001" classname="com.qa.testcases.TC005_DeleteEmployeeRecord"/>
</testsuite> <!-- EmployeesRestAPITest -->
