<?xml version="1.0" encoding="UTF-8"?>
<testsuite xmlns:xsi="http://www.w3.org/2001/XMLSchema-instance" xsi:noNamespaceSchemaLocation="https://maven.apache.org/surefire/maven-surefire-plugin/xsd/surefire-test-report.xsd" name="TestSuite" time="598.555" tests="19" errors="0" skipped="0" failures="1">
  <properties>
[...]
</properties>
  <testcase name="checkForLoginPageAppeared" classname="com.qa.tests.LoginTest" time="0.067"/>
  <testcase name="loginSfdc" classname="com.qa.tests.LoginTest" time="81.146"/>
  <testcase name="searchAccount" classname="com.qa.tests.HomePageTest" time="6.313"/>
  <testcase name="validateLogin" classname="com.qa.tests.AccountTest" time="1.14"/>
  <testcase name="createAccountUsingDataProvider" classname="com.qa.tests.AccountTest" time="12.167"/>
  <testcase name="createAccountUsingDataProvider" classname="com.qa.tests.AccountTest" time="8.506"/>
  <testcase name="createAccountUsingDataProvider" classname="com.qa.tests.AccountTest" time="8.847"/>
  <testcase name="createAccountUsingDataProvider" classname="com.qa.tests.AccountTest" time="8.82"/>
  <testcase name="createAccountUsingDataProvider" classname="com.qa.tests.AccountTest" time="8.78"/>
  <testcase name="createAccountUsingDataProvider" classname="com.qa.tests.AccountTest" time="8.63"/>
  <testcase name="createAccountUsingDataProvider" classname="com.qa.tests.AccountTest" time="8.552"/>
  <testcase name="createAccountUsingDataProvider" classname="com.qa.tests.AccountTest" time="8.444"/>
  <testcase name="createAccountUsingDataProvider" classname="com.qa.tests.AccountTest" time="8.932"/>
  <testcase name="createAccountUsingDataProvider" classname="com.qa.tests.AccountTest" time="8.422"/>
  <testcase name="createAccountUsingDataProvider" classname="com.qa.tests.AccountTest" time="2.504"/>
  <testcase name="searchAccount" classname="com.qa.tests.AccountTest" time="0.556"/>
  <testcase name="createContact" classname="com.qa.tests.AccountTest" time="120.911"/>
  <testcase name="goToContactsPage" classname="com.qa.tests.ContactsTest" time="0.715"/>
  <testcase name="searchContact" classname="com.qa.tests.ContactsTest" time="3.938">
    <failure message="Contact Search failed" type="java.lang.AssertionError">java.lang.AssertionError: Contact Search failed
	at com.qa.tests.ContactsTest.searchContact(ContactsTest.java:63)
</failure>
    <system-out><![CDATA[ContactsTest->searchContact Test getting executed
Trying to find Element By : By.xpath: //a[@title='Select List View']
Found Element By : By.xpath: //a[@title='Select List View']
Trying to click on: [[ChromeDriver: chrome on WINDOWS (fa4cadad8f0ab8fa8598542b4b119785)] -> xpath: //a[@title='Select List View']]
Clicked on: [[ChromeDriver: chrome on WINDOWS (fa4cadad8f0ab8fa8598542b4b119785)] -> xpath: //a[@title='Select List View']]
Trying to find Element By : By.xpath: //div[contains(@class,'listContent')]//child::ul[@role='listbox']/li/a/span[text()='All Contacts']
Found Element By : By.xpath: //div[contains(@class,'listContent')]//child::ul[@role='listbox']/li/a/span[text()='All Contacts']
Trying to click on: [[ChromeDriver: chrome on WINDOWS (fa4cadad8f0ab8fa8598542b4b119785)] -> xpath: //div[contains(@class,'listContent')]//child::ul[@role='listbox']/li/a/span[text()='All Contacts']]
Clicked on: [[ChromeDriver: chrome on WINDOWS (fa4cadad8f0ab8fa8598542b4b119785)] -> xpath: //div[contains(@class,'listContent')]//child::ul[@role='listbox']/li/a/span[text()='All Contacts']]
Trying to find Element By : By.xpath: //table/thead//child::span[@title='Name']//ancestor::table
Found Element By : By.xpath: //table/thead//child::span[@title='Name']//ancestor::table
slds-table forceRecordLayout slds-table--header-fixed slds-table--edit slds-table--bordered resizable-cols slds-table--resizable-cols uiVirtualDataTable
Trying to find Element By : By.xpath: //table/thead//child::span[@title='Name']//ancestor::table
Found Element By : By.xpath: //table/thead//child::span[@title='Name']//ancestor::table
Trying to find Element By : By.tagName: tbody
Found Element By : By.tagName: tbody
Trying to find Element By : By.tagName: tr
Found Element By : By.tagName: tr
tr count :-- 8
Trying to find Element By : By.tagName: a
Found Element By : By.tagName: a
Result :- Agasthya Dhanraj
Trying to find Element By : By.tagName: a
Found Element By : By.tagName: a
Trying to find Element By : By.tagName: a
Found Element By : By.tagName: a
Result :- Carole White (Sample)
Trying to find Element By : By.tagName: a
Found Element By : By.tagName: a
Trying to find Element By : By.tagName: a
Found Element By : By.tagName: a
Result :- Geoff Minor (Sample)
Trying to find Element By : By.tagName: a
Found Element By : By.tagName: a
Trying to find Element By : By.tagName: a
Found Element By : By.tagName: a
Result :- Howard Jones (Sample)
Trying to find Element By : By.tagName: a
Found Element By : By.tagName: a
Trying to find Element By : By.tagName: a
Found Element By : By.tagName: a
Result :- Jennifer Stamos (Sample)
Trying to find Element By : By.tagName: a
Found Element By : By.tagName: a
Trying to find Element By : By.tagName: a
Found Element By : By.tagName: a
Result :- Jon Amos (Sample)
Trying to find Element By : By.tagName: a
Found Element By : By.tagName: a
Trying to find Element By : By.tagName: a
Found Element By : By.tagName: a
Result :- Leanne Tomlin (Sample)
Trying to find Element By : By.tagName: a
Found Element By : By.tagName: a
Trying to find Element By : By.tagName: a
Found Element By : By.tagName: a
Result :- Marc Benioff (Sample)
Trying to find Element By : By.tagName: a
Found Element By : By.tagName: a
Contact search failed
]]></system-out>
  </testcase>
</testsuite>