<?xml version="1.0" encoding="UTF-8"?>
<testng-results skipped="0" failed="1" total="19" passed="18">
  <reporter-output>
  </reporter-output>
  <suite name="SFDCv02 Test suite" duration-ms="593782" started-at="2020-10-15T15:20:46Z" finished-at="2020-10-15T15:30:39Z">
    <groups>
    </groups>
    <test name="SFDCv02 POM Test suite" duration-ms="593782" started-at="2020-10-15T15:20:46Z" finished-at="2020-10-15T15:30:39Z">
      <class name="com.qa.tests.HomePageTest">
        <test-method status="PASS" signature="setup()[pri:0, instance:com.qa.tests.HomePageTest@4c58c839]" name="setup" is-config="true" duration-ms="81997" started-at="2020-10-15T20:52:30Z" finished-at="2020-10-15T20:53:52Z">
          <reporter-output>
          </reporter-output>
        </test-method> <!-- setup -->
        <test-method status="PASS" signature="searchAccount()[pri:0, instance:com.qa.tests.HomePageTest@4c58c839]" name="searchAccount" duration-ms="6313" started-at="2020-10-15T20:53:52Z" finished-at="2020-10-15T20:53:58Z">
          <reporter-output>
          </reporter-output>
        </test-method> <!-- searchAccount -->
        <test-method status="PASS" signature="teardown()[pri:0, instance:com.qa.tests.HomePageTest@4c58c839]" name="teardown" is-config="true" duration-ms="5009" started-at="2020-10-15T20:53:58Z" finished-at="2020-10-15T20:54:03Z">
          <reporter-output>
          </reporter-output>
        </test-method> <!-- teardown -->
      </class> <!-- com.qa.tests.HomePageTest -->
      <class name="com.qa.tests.AccountTest">
        <test-method status="PASS" signature="setup()[pri:0, instance:com.qa.tests.AccountTest@b0094a2]" name="setup" is-config="true" duration-ms="82639" started-at="2020-10-15T20:54:03Z" finished-at="2020-10-15T20:55:26Z">
          <reporter-output>
          </reporter-output>
        </test-method> <!-- setup -->
        <test-method status="PASS" signature="validateLogin()[pri:0, instance:com.qa.tests.AccountTest@b0094a2]" name="validateLogin" duration-ms="1139" started-at="2020-10-15T20:55:26Z" finished-at="2020-10-15T20:55:27Z">
          <reporter-output>
          </reporter-output>
        </test-method> <!-- validateLogin -->
        <test-method status="PASS" signature="createAccountUsingDataProvider(java.lang.String, java.lang.String, java.lang.String, java.lang.String, java.lang.String)[pri:0, instance:com.qa.tests.AccountTest@b0094a2]" name="createAccountUsingDataProvider" duration-ms="12167" started-at="2020-10-15T20:55:31Z" data-provider="getAccountData" finished-at="2020-10-15T20:55:43Z">
          <params>
            <param index="0">
              <value>
                <![CDATA[Agasthya Telelinks-01]]>
              </value>
            </param>
            <param index="1">
              <value>
                <![CDATA[Investor]]>
              </value>
            </param>
            <param index="2">
              <value>
                <![CDATA[4.5465465454E10]]>
              </value>
            </param>
            <param index="3">
              <value>
                <![CDATA[Communications]]>
              </value>
            </param>
            <param index="4">
              <value>
                <![CDATA[555.0]]>
              </value>
            </param>
          </params>
          <reporter-output>
          </reporter-output>
        </test-method> <!-- createAccountUsingDataProvider -->
        <test-method status="PASS" signature="createAccountUsingDataProvider(java.lang.String, java.lang.String, java.lang.String, java.lang.String, java.lang.String)[pri:0, instance:com.qa.tests.AccountTest@b0094a2]" name="createAccountUsingDataProvider" duration-ms="8506" started-at="2020-10-15T20:55:43Z" data-provider="getAccountData" finished-at="2020-10-15T20:55:51Z">
          <params>
            <param index="0">
              <value>
                <![CDATA[Agasthya Agro-01]]>
              </value>
            </param>
            <param index="1">
              <value>
                <![CDATA[Investor]]>
              </value>
            </param>
            <param index="2">
              <value>
                <![CDATA[4.5465465455E10]]>
              </value>
            </param>
            <param index="3">
              <value>
                <![CDATA[Agriculture]]>
              </value>
            </param>
            <param index="4">
              <value>
                <![CDATA[566.0]]>
              </value>
            </param>
          </params>
          <reporter-output>
          </reporter-output>
        </test-method> <!-- createAccountUsingDataProvider -->
        <test-method status="PASS" signature="createAccountUsingDataProvider(java.lang.String, java.lang.String, java.lang.String, java.lang.String, java.lang.String)[pri:0, instance:com.qa.tests.AccountTest@b0094a2]" name="createAccountUsingDataProvider" duration-ms="8847" started-at="2020-10-15T20:55:51Z" data-provider="getAccountData" finished-at="2020-10-15T20:56:00Z">
          <params>
            <param index="0">
              <value>
                <![CDATA[Agasthya Group of Banks-01]]>
              </value>
            </param>
            <param index="1">
              <value>
                <![CDATA[Customer]]>
              </value>
            </param>
            <param index="2">
              <value>
                <![CDATA[4.5465465456E10]]>
              </value>
            </param>
            <param index="3">
              <value>
                <![CDATA[Banking]]>
              </value>
            </param>
            <param index="4">
              <value>
                <![CDATA[577.0]]>
              </value>
            </param>
          </params>
          <reporter-output>
          </reporter-output>
        </test-method> <!-- createAccountUsingDataProvider -->
        <test-method status="PASS" signature="createAccountUsingDataProvider(java.lang.String, java.lang.String, java.lang.String, java.lang.String, java.lang.String)[pri:0, instance:com.qa.tests.AccountTest@b0094a2]" name="createAccountUsingDataProvider" duration-ms="8820" started-at="2020-10-15T20:56:00Z" data-provider="getAccountData" finished-at="2020-10-15T20:56:09Z">
          <params>
            <param index="0">
              <value>
                <![CDATA[Agasthya BioTech-01]]>
              </value>
            </param>
            <param index="1">
              <value>
                <![CDATA[Partner]]>
              </value>
            </param>
            <param index="2">
              <value>
                <![CDATA[4.5465465457E10]]>
              </value>
            </param>
            <param index="3">
              <value>
                <![CDATA[Biotechnology]]>
              </value>
            </param>
            <param index="4">
              <value>
                <![CDATA[588.0]]>
              </value>
            </param>
          </params>
          <reporter-output>
          </reporter-output>
        </test-method> <!-- createAccountUsingDataProvider -->
        <test-method status="PASS" signature="createAccountUsingDataProvider(java.lang.String, java.lang.String, java.lang.String, java.lang.String, java.lang.String)[pri:0, instance:com.qa.tests.AccountTest@b0094a2]" name="createAccountUsingDataProvider" duration-ms="8780" started-at="2020-10-15T20:56:09Z" data-provider="getAccountData" finished-at="2020-10-15T20:56:18Z">
          <params>
            <param index="0">
              <value>
                <![CDATA[Agasthya Labs-01]]>
              </value>
            </param>
            <param index="1">
              <value>
                <![CDATA[Press]]>
              </value>
            </param>
            <param index="2">
              <value>
                <![CDATA[4.5465465458E10]]>
              </value>
            </param>
            <param index="3">
              <value>
                <![CDATA[Chemicals]]>
              </value>
            </param>
            <param index="4">
              <value>
                <![CDATA[599.0]]>
              </value>
            </param>
          </params>
          <reporter-output>
          </reporter-output>
        </test-method> <!-- createAccountUsingDataProvider -->
        <test-method status="PASS" signature="createAccountUsingDataProvider(java.lang.String, java.lang.String, java.lang.String, java.lang.String, java.lang.String)[pri:0, instance:com.qa.tests.AccountTest@b0094a2]" name="createAccountUsingDataProvider" duration-ms="8630" started-at="2020-10-15T20:56:18Z" data-provider="getAccountData" finished-at="2020-10-15T20:56:26Z">
          <params>
            <param index="0">
              <value>
                <![CDATA[Agasthya Electrnoics-01]]>
              </value>
            </param>
            <param index="1">
              <value>
                <![CDATA[Prospect]]>
              </value>
            </param>
            <param index="2">
              <value>
                <![CDATA[4.5465465459E10]]>
              </value>
            </param>
            <param index="3">
              <value>
                <![CDATA[Electronics]]>
              </value>
            </param>
            <param index="4">
              <value>
                <![CDATA[610.0]]>
              </value>
            </param>
          </params>
          <reporter-output>
          </reporter-output>
        </test-method> <!-- createAccountUsingDataProvider -->
        <test-method status="PASS" signature="createAccountUsingDataProvider(java.lang.String, java.lang.String, java.lang.String, java.lang.String, java.lang.String)[pri:0, instance:com.qa.tests.AccountTest@b0094a2]" name="createAccountUsingDataProvider" duration-ms="8552" started-at="2020-10-15T20:56:26Z" data-provider="getAccountData" finished-at="2020-10-15T20:56:35Z">
          <params>
            <param index="0">
              <value>
                <![CDATA[Agasthya Const-01]]>
              </value>
            </param>
            <param index="1">
              <value>
                <![CDATA[Reseller]]>
              </value>
            </param>
            <param index="2">
              <value>
                <![CDATA[4.546546546E10]]>
              </value>
            </param>
            <param index="3">
              <value>
                <![CDATA[Construction]]>
              </value>
            </param>
            <param index="4">
              <value>
                <![CDATA[621.0]]>
              </value>
            </param>
          </params>
          <reporter-output>
          </reporter-output>
        </test-method> <!-- createAccountUsingDataProvider -->
        <test-method status="PASS" signature="createAccountUsingDataProvider(java.lang.String, java.lang.String, java.lang.String, java.lang.String, java.lang.String)[pri:0, instance:com.qa.tests.AccountTest@b0094a2]" name="createAccountUsingDataProvider" duration-ms="8444" started-at="2020-10-15T20:56:35Z" data-provider="getAccountData" finished-at="2020-10-15T20:56:43Z">
          <params>
            <param index="0">
              <value>
                <![CDATA[Agasthya Finances-01]]>
              </value>
            </param>
            <param index="1">
              <value>
                <![CDATA[Competitor]]>
              </value>
            </param>
            <param index="2">
              <value>
                <![CDATA[4.5465465461E10]]>
              </value>
            </param>
            <param index="3">
              <value>
                <![CDATA[Finance]]>
              </value>
            </param>
            <param index="4">
              <value>
                <![CDATA[632.0]]>
              </value>
            </param>
          </params>
          <reporter-output>
          </reporter-output>
        </test-method> <!-- createAccountUsingDataProvider -->
        <test-method status="PASS" signature="createAccountUsingDataProvider(java.lang.String, java.lang.String, java.lang.String, java.lang.String, java.lang.String)[pri:0, instance:com.qa.tests.AccountTest@b0094a2]" name="createAccountUsingDataProvider" duration-ms="8932" started-at="2020-10-15T20:56:43Z" data-provider="getAccountData" finished-at="2020-10-15T20:56:52Z">
          <params>
            <param index="0">
              <value>
                <![CDATA[Agasthya Group of Educations-01]]>
              </value>
            </param>
            <param index="1">
              <value>
                <![CDATA[Analyst]]>
              </value>
            </param>
            <param index="2">
              <value>
                <![CDATA[4.5465465462E10]]>
              </value>
            </param>
            <param index="3">
              <value>
                <![CDATA[Education]]>
              </value>
            </param>
            <param index="4">
              <value>
                <![CDATA[643.0]]>
              </value>
            </param>
          </params>
          <reporter-output>
          </reporter-output>
        </test-method> <!-- createAccountUsingDataProvider -->
        <test-method status="PASS" signature="createAccountUsingDataProvider(java.lang.String, java.lang.String, java.lang.String, java.lang.String, java.lang.String)[pri:0, instance:com.qa.tests.AccountTest@b0094a2]" name="createAccountUsingDataProvider" duration-ms="8422" started-at="2020-10-15T20:56:52Z" data-provider="getAccountData" finished-at="2020-10-15T20:57:01Z">
          <params>
            <param index="0">
              <value>
                <![CDATA[Agasthya Healths-01]]>
              </value>
            </param>
            <param index="1">
              <value>
                <![CDATA[Partner]]>
              </value>
            </param>
            <param index="2">
              <value>
                <![CDATA[4.5465465463E10]]>
              </value>
            </param>
            <param index="3">
              <value>
                <![CDATA[Healthcare]]>
              </value>
            </param>
            <param index="4">
              <value>
                <![CDATA[654.0]]>
              </value>
            </param>
          </params>
          <reporter-output>
          </reporter-output>
        </test-method> <!-- createAccountUsingDataProvider -->
        <test-method status="PASS" signature="createAccountUsingDataProvider(java.lang.String, java.lang.String, java.lang.String, java.lang.String, java.lang.String)[pri:0, instance:com.qa.tests.AccountTest@b0094a2]" name="createAccountUsingDataProvider" duration-ms="2504" started-at="2020-10-15T20:57:01Z" data-provider="getAccountData" finished-at="2020-10-15T20:57:03Z">
          <params>
            <param index="0">
              <value>
                <![CDATA[Agasthya Industries-01]]>
              </value>
            </param>
            <param index="1">
              <value>
                <![CDATA[Investor]]>
              </value>
            </param>
            <param index="2">
              <value>
                <![CDATA[4.5465465464E10]]>
              </value>
            </param>
            <param index="3">
              <value>
                <![CDATA[Manufacturing]]>
              </value>
            </param>
            <param index="4">
              <value>
                <![CDATA[665.0]]>
              </value>
            </param>
          </params>
          <reporter-output>
          </reporter-output>
        </test-method> <!-- createAccountUsingDataProvider -->
        <test-method status="PASS" signature="searchAccount()[pri:0, instance:com.qa.tests.AccountTest@b0094a2]" name="searchAccount" duration-ms="556" started-at="2020-10-15T20:57:03Z" finished-at="2020-10-15T20:57:04Z">
          <reporter-output>
          </reporter-output>
        </test-method> <!-- searchAccount -->
        <test-method status="PASS" signature="createContact()[pri:0, instance:com.qa.tests.AccountTest@b0094a2]" name="createContact" duration-ms="120911" started-at="2020-10-15T20:57:04Z" finished-at="2020-10-15T20:59:05Z">
          <reporter-output>
          </reporter-output>
        </test-method> <!-- createContact -->
        <test-method status="PASS" signature="teardown()[pri:0, instance:com.qa.tests.AccountTest@b0094a2]" name="teardown" is-config="true" duration-ms="5074" started-at="2020-10-15T20:59:05Z" finished-at="2020-10-15T20:59:10Z">
          <reporter-output>
          </reporter-output>
        </test-method> <!-- teardown -->
      </class> <!-- com.qa.tests.AccountTest -->
      <class name="com.qa.tests.ContactsTest">
        <test-method status="PASS" signature="setup()[pri:0, instance:com.qa.tests.ContactsTest@5d5450a3]" name="setup" is-config="true" duration-ms="79917" started-at="2020-10-15T20:59:10Z" finished-at="2020-10-15T21:00:30Z">
          <reporter-output>
          </reporter-output>
        </test-method> <!-- setup -->
        <test-method status="PASS" signature="goToContactsPage()[pri:0, instance:com.qa.tests.ContactsTest@5d5450a3]" name="goToContactsPage" duration-ms="715" started-at="2020-10-15T21:00:30Z" finished-at="2020-10-15T21:00:30Z">
          <reporter-output>
          </reporter-output>
        </test-method> <!-- goToContactsPage -->
        <test-method status="FAIL" signature="searchContact()[pri:0, instance:com.qa.tests.ContactsTest@5d5450a3]" name="searchContact" duration-ms="3937" started-at="2020-10-15T21:00:30Z" depends-on-methods="com.qa.tests.ContactsTest.goToContactsPage" finished-at="2020-10-15T21:00:34Z">
          <exception class="java.lang.AssertionError">
            <message>
              <![CDATA[Contact Search failed]]>
            </message>
            <full-stacktrace>
              <![CDATA[java.lang.AssertionError: Contact Search failed
	at org.testng.Assert.fail(Assert.java:94)
	at com.qa.tests.ContactsTest.searchContact(ContactsTest.java:63)
	at sun.reflect.NativeMethodAccessorImpl.invoke0(Native Method)
	at sun.reflect.NativeMethodAccessorImpl.invoke(NativeMethodAccessorImpl.java:62)
	at sun.reflect.DelegatingMethodAccessorImpl.invoke(DelegatingMethodAccessorImpl.java:43)
	at java.lang.reflect.Method.invoke(Method.java:498)
	at org.testng.internal.MethodInvocationHelper.invokeMethod(MethodInvocationHelper.java:80)
	at org.testng.internal.Invoker.invokeMethod(Invoker.java:714)
	at org.testng.internal.Invoker.invokeTestMethod(Invoker.java:901)
	at org.testng.internal.Invoker.invokeTestMethods(Invoker.java:1231)
	at org.testng.internal.TestMethodWorker.invokeTestMethods(TestMethodWorker.java:127)
	at org.testng.internal.TestMethodWorker.run(TestMethodWorker.java:111)
	at org.testng.TestRunner.privateRun(TestRunner.java:767)
	at org.testng.TestRunner.run(TestRunner.java:617)
	at org.testng.SuiteRunner.runTest(SuiteRunner.java:334)
	at org.testng.SuiteRunner.runSequentially(SuiteRunner.java:329)
	at org.testng.SuiteRunner.privateRun(SuiteRunner.java:291)
	at org.testng.SuiteRunner.run(SuiteRunner.java:240)
	at org.testng.SuiteRunnerWorker.runSuite(SuiteRunnerWorker.java:52)
	at org.testng.SuiteRunnerWorker.run(SuiteRunnerWorker.java:86)
	at org.testng.TestNG.runSuitesSequentially(TestNG.java:1198)
	at org.testng.TestNG.runSuitesLocally(TestNG.java:1123)
	at org.testng.TestNG.run(TestNG.java:1031)
	at org.apache.maven.surefire.testng.TestNGExecutor.run(TestNGExecutor.java:283)
	at org.apache.maven.surefire.testng.TestNGXmlTestSuite.execute(TestNGXmlTestSuite.java:75)
	at org.apache.maven.surefire.testng.TestNGProvider.invoke(TestNGProvider.java:120)
	at sun.reflect.NativeMethodAccessorImpl.invoke0(Native Method)
	at sun.reflect.NativeMethodAccessorImpl.invoke(NativeMethodAccessorImpl.java:62)
	at sun.reflect.DelegatingMethodAccessorImpl.invoke(DelegatingMethodAccessorImpl.java:43)
	at java.lang.reflect.Method.invoke(Method.java:498)
	at org.apache.maven.surefire.util.ReflectionUtils.invokeMethodWithArray2(ReflectionUtils.java:206)
	at org.apache.maven.surefire.booter.ProviderFactory$ProviderProxy.invoke(ProviderFactory.java:161)
	at org.apache.maven.surefire.booter.ProviderFactory.invokeProvider(ProviderFactory.java:84)
	at org.apache.maven.plugin.surefire.InPluginVMSurefireStarter.runSuitesInProcess(InPluginVMSurefireStarter.java:87)
	at org.apache.maven.plugin.surefire.AbstractSurefireMojo.executeProvider(AbstractSurefireMojo.java:1166)
	at org.apache.maven.plugin.surefire.AbstractSurefireMojo.executeAfterPreconditionsChecked(AbstractSurefireMojo.java:1011)
	at org.apache.maven.plugin.surefire.AbstractSurefireMojo.execute(AbstractSurefireMojo.java:857)
	at org.apache.maven.plugin.DefaultBuildPluginManager.executeMojo(DefaultBuildPluginManager.java:137)
	at org.apache.maven.lifecycle.internal.MojoExecutor.execute(MojoExecutor.java:210)
	at org.apache.maven.lifecycle.internal.MojoExecutor.execute(MojoExecutor.java:156)
	at org.apache.maven.lifecycle.internal.MojoExecutor.execute(MojoExecutor.java:148)
	at org.apache.maven.lifecycle.internal.LifecycleModuleBuilder.buildProject(LifecycleModuleBuilder.java:117)
	at org.apache.maven.lifecycle.internal.LifecycleModuleBuilder.buildProject(LifecycleModuleBuilder.java:81)
	at org.apache.maven.lifecycle.internal.builder.singlethreaded.SingleThreadedBuilder.build(SingleThreadedBuilder.java:56)
	at org.apache.maven.lifecycle.internal.LifecycleStarter.execute(LifecycleStarter.java:128)
	at org.apache.maven.DefaultMaven.doExecute(DefaultMaven.java:305)
	at org.apache.maven.DefaultMaven.doExecute(DefaultMaven.java:192)
	at org.apache.maven.DefaultMaven.execute(DefaultMaven.java:105)
	at org.jvnet.hudson.maven3.launcher.Maven35Launcher.main(Maven35Launcher.java:130)
	at sun.reflect.NativeMethodAccessorImpl.invoke0(Native Method)
	at sun.reflect.NativeMethodAccessorImpl.invoke(NativeMethodAccessorImpl.java:62)
	at sun.reflect.DelegatingMethodAccessorImpl.invoke(DelegatingMethodAccessorImpl.java:43)
	at java.lang.reflect.Method.invoke(Method.java:498)
	at org.codehaus.plexus.classworlds.launcher.Launcher.launchEnhanced(Launcher.java:282)
	at org.codehaus.plexus.classworlds.launcher.Launcher.launch(Launcher.java:225)
	at jenkins.maven3.agent.Maven35Main.launch(Maven35Main.java:176)
	at sun.reflect.NativeMethodAccessorImpl.invoke0(Native Method)
	at sun.reflect.NativeMethodAccessorImpl.invoke(NativeMethodAccessorImpl.java:62)
	at sun.reflect.DelegatingMethodAccessorImpl.invoke(DelegatingMethodAccessorImpl.java:43)
	at java.lang.reflect.Method.invoke(Method.java:498)
	at hudson.maven.Maven3Builder.call(Maven3Builder.java:139)
	at hudson.maven.Maven3Builder.call(Maven3Builder.java:70)
	at hudson.remoting.UserRequest.perform(UserRequest.java:211)
	at hudson.remoting.UserRequest.perform(UserRequest.java:54)
	at hudson.remoting.Request$2.run(Request.java:375)
	at hudson.remoting.InterceptingExecutorService$1.call(InterceptingExecutorService.java:73)
	at java.util.concurrent.FutureTask.run(FutureTask.java:266)
	at java.util.concurrent.ThreadPoolExecutor.runWorker(ThreadPoolExecutor.java:1149)
	at java.util.concurrent.ThreadPoolExecutor$Worker.run(ThreadPoolExecutor.java:624)
	at java.lang.Thread.run(Thread.java:748)
]]>
            </full-stacktrace>
          </exception> <!-- java.lang.AssertionError -->
          <reporter-output>
          </reporter-output>
        </test-method> <!-- searchContact -->
        <test-method status="PASS" signature="teardown()[pri:0, instance:com.qa.tests.ContactsTest@5d5450a3]" name="teardown" is-config="true" duration-ms="5037" started-at="2020-10-15T21:00:34Z" finished-at="2020-10-15T21:00:39Z">
          <reporter-output>
          </reporter-output>
        </test-method> <!-- teardown -->
      </class> <!-- com.qa.tests.ContactsTest -->
      <class name="com.qa.tests.LoginTest">
        <test-method status="PASS" signature="setup()[pri:0, instance:com.qa.tests.LoginTest@68ede6c9]" name="setup" is-config="true" duration-ms="17960" started-at="2020-10-15T20:50:46Z" finished-at="2020-10-15T20:51:04Z">
          <reporter-output>
          </reporter-output>
        </test-method> <!-- setup -->
        <test-method status="PASS" signature="checkForLoginPageAppeared()[pri:0, instance:com.qa.tests.LoginTest@68ede6c9]" name="checkForLoginPageAppeared" duration-ms="66" started-at="2020-10-15T20:51:04Z" finished-at="2020-10-15T20:51:04Z">
          <reporter-output>
          </reporter-output>
        </test-method> <!-- checkForLoginPageAppeared -->
        <test-method status="PASS" signature="loginSfdc()[pri:0, instance:com.qa.tests.LoginTest@68ede6c9]" name="loginSfdc" duration-ms="81146" started-at="2020-10-15T20:51:04Z" finished-at="2020-10-15T20:52:25Z">
          <reporter-output>
          </reporter-output>
        </test-method> <!-- loginSfdc -->
        <test-method status="PASS" signature="teardown()[pri:0, instance:com.qa.tests.LoginTest@68ede6c9]" name="teardown" is-config="true" duration-ms="5018" started-at="2020-10-15T20:52:25Z" finished-at="2020-10-15T20:52:30Z">
          <reporter-output>
          </reporter-output>
        </test-method> <!-- teardown -->
      </class> <!-- com.qa.tests.LoginTest -->
    </test> <!-- SFDCv02 POM Test suite -->
  </suite> <!-- SFDCv02 Test suite -->
</testng-results>
