-------------------------------------------------------------------------------
Test set: TestSuite
-------------------------------------------------------------------------------
Tests run: 19, Failures: 1, Errors: 0, Skipped: 0, Time elapsed: 598.555 s <<< FAILURE! - in TestSuite
searchContact(com.qa.tests.ContactsTest)  Time elapsed: 3.938 s  <<< FAILURE!
java.lang.AssertionError: Contact Search failed
	at com.qa.tests.ContactsTest.searchContact(ContactsTest.java:63)

