<?xml version="1.0" encoding="UTF-8"?>
<!-- Generated by org.testng.reporters.JUnitXMLReporter -->
<testsuite hostname="LAPTOP-3785COIL" ignored="0" name="Default test" tests="5" failures="0" timestamp="19 Dec 2019 18:31:26 GMT" time="11.455" errors="0">
  <testcase name="deleteRecord" time="9.207" classname="com.qa.testcases.TC005_DeleteEmployeeRecord"/>
  <testcase name="validateContentType" time="0.005" classname="com.qa.testcases.TC005_DeleteEmployeeRecord"/>
  <testcase name="validateResponseBody" time="0.003" classname="com.qa.testcases.TC005_DeleteEmployeeRecord"/>
  <testcase name="validateServerType" time="0.002" classname="com.qa.testcases.TC005_DeleteEmployeeRecord"/>
  <testcase name="validateStatusLineAndStatusCode" time="0.002" classname="com.qa.testcases.TC005_DeleteEmployeeRecord"/>
</testsuite> <!-- Default test -->
