<?xml version="1.0" encoding="UTF-8"?>
<testng-results skipped="0" failed="1" total="19" passed="18">
  <reporter-output>
  </reporter-output>
  <suite name="SFDCv02 Test suite" duration-ms="561507" started-at="2020-10-14T13:47:05Z" finished-at="2020-10-14T13:56:26Z">
    <groups>
    </groups>
    <test name="SFDCv02 POM Test suite" duration-ms="561507" started-at="2020-10-14T13:47:05Z" finished-at="2020-10-14T13:56:26Z">
      <class name="com.qa.tests.HomePageTest">
        <test-method status="PASS" signature="setup()[pri:0, instance:com.qa.tests.HomePageTest@5ef60048]" name="setup" is-config="true" duration-ms="78182" started-at="2020-10-14T19:18:41Z" finished-at="2020-10-14T19:19:59Z">
          <reporter-output>
          </reporter-output>
        </test-method> <!-- setup -->
        <test-method status="PASS" signature="searchAccount()[pri:0, instance:com.qa.tests.HomePageTest@5ef60048]" name="searchAccount" duration-ms="4957" started-at="2020-10-14T19:19:59Z" finished-at="2020-10-14T19:20:04Z">
          <reporter-output>
          </reporter-output>
        </test-method> <!-- searchAccount -->
        <test-method status="PASS" signature="teardown()[pri:0, instance:com.qa.tests.HomePageTest@5ef60048]" name="teardown" is-config="true" duration-ms="5224" started-at="2020-10-14T19:20:04Z" finished-at="2020-10-14T19:20:10Z">
          <reporter-output>
          </reporter-output>
        </test-method> <!-- teardown -->
      </class> <!-- com.qa.tests.HomePageTest -->
      <class name="com.qa.tests.AccountTest">
        <test-method status="PASS" signature="setup()[pri:0, instance:com.qa.tests.AccountTest@5af97850]" name="setup" is-config="true" duration-ms="78533" started-at="2020-10-14T19:20:10Z" finished-at="2020-10-14T19:21:28Z">
          <reporter-output>
          </reporter-output>
        </test-method> <!-- setup -->
        <test-method status="PASS" signature="validateLogin()[pri:0, instance:com.qa.tests.AccountTest@5af97850]" name="validateLogin" duration-ms="1987" started-at="2020-10-14T19:21:28Z" finished-at="2020-10-14T19:21:30Z">
          <reporter-output>
          </reporter-output>
        </test-method> <!-- validateLogin -->
        <test-method status="PASS" signature="createAccountUsingDataProvider(java.lang.String, java.lang.String, java.lang.String, java.lang.String, java.lang.String)[pri:0, instance:com.qa.tests.AccountTest@5af97850]" name="createAccountUsingDataProvider" duration-ms="7742" started-at="2020-10-14T19:21:33Z" data-provider="getAccountData" finished-at="2020-10-14T19:21:40Z">
          <params>
            <param index="0">
              <value>
                <![CDATA[Agasthya Telelinks]]>
              </value>
            </param>
            <param index="1">
              <value>
                <![CDATA[Investor]]>
              </value>
            </param>
            <param index="2">
              <value>
                <![CDATA[4.5465465454E10]]>
              </value>
            </param>
            <param index="3">
              <value>
                <![CDATA[Communications]]>
              </value>
            </param>
            <param index="4">
              <value>
                <![CDATA[555.0]]>
              </value>
            </param>
          </params>
          <reporter-output>
          </reporter-output>
        </test-method> <!-- createAccountUsingDataProvider -->
        <test-method status="PASS" signature="createAccountUsingDataProvider(java.lang.String, java.lang.String, java.lang.String, java.lang.String, java.lang.String)[pri:0, instance:com.qa.tests.AccountTest@5af97850]" name="createAccountUsingDataProvider" duration-ms="6634" started-at="2020-10-14T19:21:40Z" data-provider="getAccountData" finished-at="2020-10-14T19:21:47Z">
          <params>
            <param index="0">
              <value>
                <![CDATA[Agasthya Agro]]>
              </value>
            </param>
            <param index="1">
              <value>
                <![CDATA[Investor]]>
              </value>
            </param>
            <param index="2">
              <value>
                <![CDATA[4.5465465455E10]]>
              </value>
            </param>
            <param index="3">
              <value>
                <![CDATA[Agriculture]]>
              </value>
            </param>
            <param index="4">
              <value>
                <![CDATA[566.0]]>
              </value>
            </param>
          </params>
          <reporter-output>
          </reporter-output>
        </test-method> <!-- createAccountUsingDataProvider -->
        <test-method status="PASS" signature="createAccountUsingDataProvider(java.lang.String, java.lang.String, java.lang.String, java.lang.String, java.lang.String)[pri:0, instance:com.qa.tests.AccountTest@5af97850]" name="createAccountUsingDataProvider" duration-ms="6373" started-at="2020-10-14T19:21:47Z" data-provider="getAccountData" finished-at="2020-10-14T19:21:54Z">
          <params>
            <param index="0">
              <value>
                <![CDATA[Agasthya Group of Banks]]>
              </value>
            </param>
            <param index="1">
              <value>
                <![CDATA[Customer]]>
              </value>
            </param>
            <param index="2">
              <value>
                <![CDATA[4.5465465456E10]]>
              </value>
            </param>
            <param index="3">
              <value>
                <![CDATA[Banking]]>
              </value>
            </param>
            <param index="4">
              <value>
                <![CDATA[577.0]]>
              </value>
            </param>
          </params>
          <reporter-output>
          </reporter-output>
        </test-method> <!-- createAccountUsingDataProvider -->
        <test-method status="PASS" signature="createAccountUsingDataProvider(java.lang.String, java.lang.String, java.lang.String, java.lang.String, java.lang.String)[pri:0, instance:com.qa.tests.AccountTest@5af97850]" name="createAccountUsingDataProvider" duration-ms="7268" started-at="2020-10-14T19:21:54Z" data-provider="getAccountData" finished-at="2020-10-14T19:22:01Z">
          <params>
            <param index="0">
              <value>
                <![CDATA[Agasthya BioTech]]>
              </value>
            </param>
            <param index="1">
              <value>
                <![CDATA[Partner]]>
              </value>
            </param>
            <param index="2">
              <value>
                <![CDATA[4.5465465457E10]]>
              </value>
            </param>
            <param index="3">
              <value>
                <![CDATA[Biotechnology]]>
              </value>
            </param>
            <param index="4">
              <value>
                <![CDATA[588.0]]>
              </value>
            </param>
          </params>
          <reporter-output>
          </reporter-output>
        </test-method> <!-- createAccountUsingDataProvider -->
        <test-method status="PASS" signature="createAccountUsingDataProvider(java.lang.String, java.lang.String, java.lang.String, java.lang.String, java.lang.String)[pri:0, instance:com.qa.tests.AccountTest@5af97850]" name="createAccountUsingDataProvider" duration-ms="6548" started-at="2020-10-14T19:22:01Z" data-provider="getAccountData" finished-at="2020-10-14T19:22:07Z">
          <params>
            <param index="0">
              <value>
                <![CDATA[Agasthya Labs]]>
              </value>
            </param>
            <param index="1">
              <value>
                <![CDATA[Press]]>
              </value>
            </param>
            <param index="2">
              <value>
                <![CDATA[4.5465465458E10]]>
              </value>
            </param>
            <param index="3">
              <value>
                <![CDATA[Chemicals]]>
              </value>
            </param>
            <param index="4">
              <value>
                <![CDATA[599.0]]>
              </value>
            </param>
          </params>
          <reporter-output>
          </reporter-output>
        </test-method> <!-- createAccountUsingDataProvider -->
        <test-method status="PASS" signature="createAccountUsingDataProvider(java.lang.String, java.lang.String, java.lang.String, java.lang.String, java.lang.String)[pri:0, instance:com.qa.tests.AccountTest@5af97850]" name="createAccountUsingDataProvider" duration-ms="6644" started-at="2020-10-14T19:22:07Z" data-provider="getAccountData" finished-at="2020-10-14T19:22:14Z">
          <params>
            <param index="0">
              <value>
                <![CDATA[Agasthya Electrnoics]]>
              </value>
            </param>
            <param index="1">
              <value>
                <![CDATA[Prospect]]>
              </value>
            </param>
            <param index="2">
              <value>
                <![CDATA[4.5465465459E10]]>
              </value>
            </param>
            <param index="3">
              <value>
                <![CDATA[Electronics]]>
              </value>
            </param>
            <param index="4">
              <value>
                <![CDATA[610.0]]>
              </value>
            </param>
          </params>
          <reporter-output>
          </reporter-output>
        </test-method> <!-- createAccountUsingDataProvider -->
        <test-method status="PASS" signature="createAccountUsingDataProvider(java.lang.String, java.lang.String, java.lang.String, java.lang.String, java.lang.String)[pri:0, instance:com.qa.tests.AccountTest@5af97850]" name="createAccountUsingDataProvider" duration-ms="6440" started-at="2020-10-14T19:22:14Z" data-provider="getAccountData" finished-at="2020-10-14T19:22:20Z">
          <params>
            <param index="0">
              <value>
                <![CDATA[Agasthya Const]]>
              </value>
            </param>
            <param index="1">
              <value>
                <![CDATA[Reseller]]>
              </value>
            </param>
            <param index="2">
              <value>
                <![CDATA[4.546546546E10]]>
              </value>
            </param>
            <param index="3">
              <value>
                <![CDATA[Construction]]>
              </value>
            </param>
            <param index="4">
              <value>
                <![CDATA[621.0]]>
              </value>
            </param>
          </params>
          <reporter-output>
          </reporter-output>
        </test-method> <!-- createAccountUsingDataProvider -->
        <test-method status="PASS" signature="createAccountUsingDataProvider(java.lang.String, java.lang.String, java.lang.String, java.lang.String, java.lang.String)[pri:0, instance:com.qa.tests.AccountTest@5af97850]" name="createAccountUsingDataProvider" duration-ms="6258" started-at="2020-10-14T19:22:20Z" data-provider="getAccountData" finished-at="2020-10-14T19:22:27Z">
          <params>
            <param index="0">
              <value>
                <![CDATA[Agasthya Finances]]>
              </value>
            </param>
            <param index="1">
              <value>
                <![CDATA[Competitor]]>
              </value>
            </param>
            <param index="2">
              <value>
                <![CDATA[4.5465465461E10]]>
              </value>
            </param>
            <param index="3">
              <value>
                <![CDATA[Finance]]>
              </value>
            </param>
            <param index="4">
              <value>
                <![CDATA[632.0]]>
              </value>
            </param>
          </params>
          <reporter-output>
          </reporter-output>
        </test-method> <!-- createAccountUsingDataProvider -->
        <test-method status="PASS" signature="createAccountUsingDataProvider(java.lang.String, java.lang.String, java.lang.String, java.lang.String, java.lang.String)[pri:0, instance:com.qa.tests.AccountTest@5af97850]" name="createAccountUsingDataProvider" duration-ms="9267" started-at="2020-10-14T19:22:27Z" data-provider="getAccountData" finished-at="2020-10-14T19:22:36Z">
          <params>
            <param index="0">
              <value>
                <![CDATA[Agasthya Group of Educations]]>
              </value>
            </param>
            <param index="1">
              <value>
                <![CDATA[Analyst]]>
              </value>
            </param>
            <param index="2">
              <value>
                <![CDATA[4.5465465462E10]]>
              </value>
            </param>
            <param index="3">
              <value>
                <![CDATA[Education]]>
              </value>
            </param>
            <param index="4">
              <value>
                <![CDATA[643.0]]>
              </value>
            </param>
          </params>
          <reporter-output>
          </reporter-output>
        </test-method> <!-- createAccountUsingDataProvider -->
        <test-method status="PASS" signature="createAccountUsingDataProvider(java.lang.String, java.lang.String, java.lang.String, java.lang.String, java.lang.String)[pri:0, instance:com.qa.tests.AccountTest@5af97850]" name="createAccountUsingDataProvider" duration-ms="7512" started-at="2020-10-14T19:22:36Z" data-provider="getAccountData" finished-at="2020-10-14T19:22:43Z">
          <params>
            <param index="0">
              <value>
                <![CDATA[Agasthya Healths]]>
              </value>
            </param>
            <param index="1">
              <value>
                <![CDATA[Partner]]>
              </value>
            </param>
            <param index="2">
              <value>
                <![CDATA[4.5465465463E10]]>
              </value>
            </param>
            <param index="3">
              <value>
                <![CDATA[Healthcare]]>
              </value>
            </param>
            <param index="4">
              <value>
                <![CDATA[654.0]]>
              </value>
            </param>
          </params>
          <reporter-output>
          </reporter-output>
        </test-method> <!-- createAccountUsingDataProvider -->
        <test-method status="PASS" signature="createAccountUsingDataProvider(java.lang.String, java.lang.String, java.lang.String, java.lang.String, java.lang.String)[pri:0, instance:com.qa.tests.AccountTest@5af97850]" name="createAccountUsingDataProvider" duration-ms="6325" started-at="2020-10-14T19:22:43Z" data-provider="getAccountData" finished-at="2020-10-14T19:22:50Z">
          <params>
            <param index="0">
              <value>
                <![CDATA[Agasthya Industries]]>
              </value>
            </param>
            <param index="1">
              <value>
                <![CDATA[Investor]]>
              </value>
            </param>
            <param index="2">
              <value>
                <![CDATA[4.5465465464E10]]>
              </value>
            </param>
            <param index="3">
              <value>
                <![CDATA[Manufacturing]]>
              </value>
            </param>
            <param index="4">
              <value>
                <![CDATA[665.0]]>
              </value>
            </param>
          </params>
          <reporter-output>
          </reporter-output>
        </test-method> <!-- createAccountUsingDataProvider -->
        <test-method status="PASS" signature="searchAccount()[pri:0, instance:com.qa.tests.AccountTest@5af97850]" name="searchAccount" duration-ms="257" started-at="2020-10-14T19:22:50Z" finished-at="2020-10-14T19:22:50Z">
          <reporter-output>
          </reporter-output>
        </test-method> <!-- searchAccount -->
        <test-method status="PASS" signature="createContact()[pri:0, instance:com.qa.tests.AccountTest@5af97850]" name="createContact" duration-ms="122462" started-at="2020-10-14T19:22:50Z" finished-at="2020-10-14T19:24:52Z">
          <reporter-output>
          </reporter-output>
        </test-method> <!-- createContact -->
        <test-method status="PASS" signature="teardown()[pri:0, instance:com.qa.tests.AccountTest@5af97850]" name="teardown" is-config="true" duration-ms="4996" started-at="2020-10-14T19:24:52Z" finished-at="2020-10-14T19:24:57Z">
          <reporter-output>
          </reporter-output>
        </test-method> <!-- teardown -->
      </class> <!-- com.qa.tests.AccountTest -->
      <class name="com.qa.tests.ContactsTest">
        <test-method status="PASS" signature="setup()[pri:0, instance:com.qa.tests.ContactsTest@5762806e]" name="setup" is-config="true" duration-ms="80549" started-at="2020-10-14T19:24:57Z" finished-at="2020-10-14T19:26:18Z">
          <reporter-output>
          </reporter-output>
        </test-method> <!-- setup -->
        <test-method status="PASS" signature="goToContactsPage()[pri:0, instance:com.qa.tests.ContactsTest@5762806e]" name="goToContactsPage" duration-ms="497" started-at="2020-10-14T19:26:18Z" finished-at="2020-10-14T19:26:19Z">
          <reporter-output>
          </reporter-output>
        </test-method> <!-- goToContactsPage -->
        <test-method status="FAIL" signature="searchContact()[pri:0, instance:com.qa.tests.ContactsTest@5762806e]" name="searchContact" duration-ms="2686" started-at="2020-10-14T19:26:19Z" depends-on-methods="com.qa.tests.ContactsTest.goToContactsPage" finished-at="2020-10-14T19:26:21Z">
          <exception class="java.lang.AssertionError">
            <message>
              <![CDATA[Contact Search failed]]>
            </message>
            <full-stacktrace>
              <![CDATA[java.lang.AssertionError: Contact Search failed
	at org.testng.Assert.fail(Assert.java:94)
	at com.qa.tests.ContactsTest.searchContact(ContactsTest.java:63)
	at sun.reflect.NativeMethodAccessorImpl.invoke0(Native Method)
	at sun.reflect.NativeMethodAccessorImpl.invoke(NativeMethodAccessorImpl.java:62)
	at sun.reflect.DelegatingMethodAccessorImpl.invoke(DelegatingMethodAccessorImpl.java:43)
	at java.lang.reflect.Method.invoke(Method.java:498)
	at org.testng.internal.MethodInvocationHelper.invokeMethod(MethodInvocationHelper.java:80)
	at org.testng.internal.Invoker.invokeMethod(Invoker.java:714)
	at org.testng.internal.Invoker.invokeTestMethod(Invoker.java:901)
	at org.testng.internal.Invoker.invokeTestMethods(Invoker.java:1231)
	at org.testng.internal.TestMethodWorker.invokeTestMethods(TestMethodWorker.java:127)
	at org.testng.internal.TestMethodWorker.run(TestMethodWorker.java:111)
	at org.testng.TestRunner.privateRun(TestRunner.java:767)
	at org.testng.TestRunner.run(TestRunner.java:617)
	at org.testng.SuiteRunner.runTest(SuiteRunner.java:334)
	at org.testng.SuiteRunner.runSequentially(SuiteRunner.java:329)
	at org.testng.SuiteRunner.privateRun(SuiteRunner.java:291)
	at org.testng.SuiteRunner.run(SuiteRunner.java:240)
	at org.testng.SuiteRunnerWorker.runSuite(SuiteRunnerWorker.java:52)
	at org.testng.SuiteRunnerWorker.run(SuiteRunnerWorker.java:86)
	at org.testng.TestNG.runSuitesSequentially(TestNG.java:1198)
	at org.testng.TestNG.runSuitesLocally(TestNG.java:1123)
	at org.testng.TestNG.run(TestNG.java:1031)
	at org.testng.remote.AbstractRemoteTestNG.run(AbstractRemoteTestNG.java:114)
	at org.testng.remote.RemoteTestNG.initAndRun(RemoteTestNG.java:251)
	at org.testng.remote.RemoteTestNG.main(RemoteTestNG.java:77)
]]>
            </full-stacktrace>
          </exception> <!-- java.lang.AssertionError -->
          <reporter-output>
          </reporter-output>
        </test-method> <!-- searchContact -->
        <test-method status="PASS" signature="teardown()[pri:0, instance:com.qa.tests.ContactsTest@5762806e]" name="teardown" is-config="true" duration-ms="5041" started-at="2020-10-14T19:26:21Z" finished-at="2020-10-14T19:26:26Z">
          <reporter-output>
          </reporter-output>
        </test-method> <!-- teardown -->
      </class> <!-- com.qa.tests.ContactsTest -->
      <class name="com.qa.tests.LoginTest">
        <test-method status="PASS" signature="setup()[pri:0, instance:com.qa.tests.LoginTest@25b485ba]" name="setup" is-config="true" duration-ms="18173" started-at="2020-10-14T19:17:05Z" finished-at="2020-10-14T19:17:23Z">
          <reporter-output>
          </reporter-output>
        </test-method> <!-- setup -->
        <test-method status="PASS" signature="checkForLoginPageAppeared()[pri:0, instance:com.qa.tests.LoginTest@25b485ba]" name="checkForLoginPageAppeared" duration-ms="981" started-at="2020-10-14T19:17:23Z" finished-at="2020-10-14T19:17:24Z">
          <reporter-output>
          </reporter-output>
        </test-method> <!-- checkForLoginPageAppeared -->
        <test-method status="PASS" signature="loginSfdc()[pri:0, instance:com.qa.tests.LoginTest@25b485ba]" name="loginSfdc" duration-ms="72153" started-at="2020-10-14T19:17:24Z" finished-at="2020-10-14T19:18:36Z">
          <reporter-output>
          </reporter-output>
        </test-method> <!-- loginSfdc -->
        <test-method status="PASS" signature="teardown()[pri:0, instance:com.qa.tests.LoginTest@25b485ba]" name="teardown" is-config="true" duration-ms="4958" started-at="2020-10-14T19:18:36Z" finished-at="2020-10-14T19:18:41Z">
          <reporter-output>
          </reporter-output>
        </test-method> <!-- teardown -->
      </class> <!-- com.qa.tests.LoginTest -->
    </test> <!-- SFDCv02 POM Test suite -->
  </suite> <!-- SFDCv02 Test suite -->
</testng-results>
