<?xml version="1.0" encoding="UTF-8"?>
<testng-results skipped="0" failed="0" total="1" passed="1">
  <reporter-output>
  </reporter-output>
  <suite name="Default suite" duration-ms="1653" started-at="2019-11-21T07:14:13Z" finished-at="2019-11-21T07:14:14Z">
    <groups>
    </groups>
    <test name="Default test" duration-ms="1653" started-at="2019-11-21T07:14:13Z" finished-at="2019-11-21T07:14:14Z">
      <class name="com.qa.tests.PostApiTest">
        <test-method status="PASS" signature="setup()[pri:0, instance:com.qa.tests.PostApiTest@44ec0f07]" name="setup" is-config="true" duration-ms="10" started-at="2019-11-21T12:44:13Z" finished-at="2019-11-21T12:44:13Z">
          <reporter-output>
          </reporter-output>
        </test-method> <!-- setup -->
        <test-method status="PASS" signature="postRequest()[pri:0, instance:com.qa.tests.PostApiTest@44ec0f07]" name="postRequest" duration-ms="1626" started-at="2019-11-21T12:44:13Z" finished-at="2019-11-21T12:44:14Z">
          <reporter-output>
          </reporter-output>
        </test-method> <!-- postRequest -->
      </class> <!-- com.qa.tests.PostApiTest -->
    </test> <!-- Default test -->
  </suite> <!-- Default suite -->
</testng-results>
